<?xml version="1.0" encoding="UTF-8"?>
<testsuite xmlns:xsi="http://www.w3.org/2001/XMLSchema-instance" xsi:noNamespaceSchemaLocation="https://maven.apache.org/surefire/maven-surefire-plugin/xsd/surefire-test-report.xsd" name="praktikum.tests.UserNavigationTests" time="23.853" tests="4" errors="0" skipped="0" failures="0">
  <properties>
[...]
</properties>
  <testcase name="navigateToMainPageFromProfileViaConstructorButton" classname="praktikum.tests.UserNavigationTests" time="7.57"/>
  <testcase name="logoutFromProfileViaLogoutButton" classname="praktikum.tests.UserNavigationTests" time="4.823"/>
  <testcase name="navigateToMainPageFromProfileViaLogo" classname="praktikum.tests.UserNavigationTests" time="5.973"/>
  <testcase name="navigateToProfileFromMainPage" classname="praktikum.tests.UserNavigationTests" time="4.622"/>
</testsuite>